<?xml version="1.0" encoding="UTF-8"?>
<!-- Generated by org.testng.reporters.JUnitReportReporter -->
<testsuite name="SystemRun.SystemTest" tests="1" time="45.755" ignored="0" failures="0" timestamp="18 feb 2020 19:11:42 GMT" skipped="0" hostname="DESKTOP-E6MSGFT" errors="0">
  <testcase name="RunTst" time="45.755" classname="SystemRun.SystemTest"/>
</testsuite> <!-- SystemRun.SystemTest -->
